* using log directory 'C:/Users/cameronbj/Desktop/kmlbuild/kmlbuilder/kmlbuilder.Rcheck'
* using R version 3.2.2 (2015-08-14)
* using platform: x86_64-w64-mingw32 (64-bit)
* using session charset: ISO8859-1
* using option '--as-cran'
* checking for file 'kmlbuilder/DESCRIPTION' ... OK
* checking extension type ... Package
* this is package 'kmlbuilder' version '1.1.8'
* checking CRAN incoming feasibility ... NOTE
Maintainer: 'Brent Cameron <brentcameron1@gmail.com>'
New submission

Unknown, possibly mis-spelled, fields in DESCRIPTION:
  'ERRORS'
Found the following (possibly) invalid URLs:
  URL: https://developers.google.com/kml/documentation/kmlreference\#Link
    From: man/addNetworkLink.Rd
    Status: 404
    Message: Not Found
  URL: https://developers.google.com/kml/documentation/kmlreference\#abstractview
    From: man/addAbstractView.Rd
    Status: 404
    Message: Not Found
  URL: https://developers.google.com/kml/documentation/kmlreference\#balloonstyle
    From: man/addBalloonStyle.Rd
    Status: 404
    Message: Not Found
  URL: https://developers.google.com/kml/documentation/kmlreference\#camera
    From: man/addAbstractView.Rd
    Status: 404
    Message: Not Found
  URL: https://developers.google.com/kml/documentation/kmlreference\#colormode
    From: man/addIconStyle.Rd
          man/addLabelStyle.Rd
          man/addLineStyle.Rd
          man/addPolyStyle.Rd
    Status: 404
    Message: Not Found
  URL: https://developers.google.com/kml/documentation/kmlreference\#descriptionexample
    From: man/addFolder.Rd
          man/addGroundOverlay.Rd
          man/addLineString.Rd
          man/addNetworkLink.Rd
          man/addPoint.Rd
          man/addPolygon.Rd
          man/addScreenOverlay.Rd
    Status: 404
    Message: Not Found
  URL: https://developers.google.com/kml/documentation/kmlreference\#folder
    From: man/addFolder.Rd
    Status: 404
    Message: Not Found
  URL: https://developers.google.com/kml/documentation/kmlreference\#groundoverlay
    From: man/addGroundOverlay.Rd
    Status: 404
    Message: Not Found
  URL: https://developers.google.com/kml/documentation/kmlreference\#iconstyle
    From: man/addIconStyle.Rd
    Status: 404
    Message: Not Found
  URL: https://developers.google.com/kml/documentation/kmlreference\#labelstyle
    From: man/addLabelStyle.Rd
    Status: 404
    Message: Not Found
  URL: https://developers.google.com/kml/documentation/kmlreference\#linestring
    From: man/addLineString.Rd
    Status: 404
    Message: Not Found
  URL: https://developers.google.com/kml/documentation/kmlreference\#linestyle
    From: man/addLineStyle.Rd
    Status: 404
    Message: Not Found
  URL: https://developers.google.com/kml/documentation/kmlreference\#lookat
    From: man/addAbstractView.Rd
    Status: 404
    Message: Not Found
  URL: https://developers.google.com/kml/documentation/kmlreference\#networklink
    From: man/addNetworkLink.Rd
    Status: 404
    Message: Not Found
  URL: https://developers.google.com/kml/documentation/kmlreference\#networklinkcontrol
    From: man/addNetworkLinkControl.Rd
    Status: 404
    Message: Not Found
  URL: https://developers.google.com/kml/documentation/kmlreference\#point
    From: man/addPoint.Rd
    Status: 404
    Message: Not Found
  URL: https://developers.google.com/kml/documentation/kmlreference\#polygon
    From: man/addPolygon.Rd
    Status: 404
    Message: Not Found
  URL: https://developers.google.com/kml/documentation/kmlreference\#polystyle
    From: man/addListStyle.Rd
          man/addPolyStyle.Rd
    Status: 404
    Message: Not Found
  URL: https://developers.google.com/kml/documentation/kmlreference\#sampleattribution
    From: man/addFolder.Rd
          man/addGroundOverlay.Rd
          man/addLineString.Rd
          man/addNetworkLink.Rd
          man/addPoint.Rd
          man/addPolygon.Rd
          man/addScreenOverlay.Rd
    Status: 404
    Message: Not Found
  URL: https://developers.google.com/kml/documentation/kmlreference\#screenoverlay
    From: man/addScreenOverlay.Rd
    Status: 404
    Message: Not Found
  URL: https://developers.google.com/kml/documentation/kmlreference\#stylemap
    From: man/addStyleMap.Rd
    Status: 404
    Message: Not Found
* checking package namespace information ... OK
* checking package dependencies ... NOTE
  No repository set, so cyclic dependency check skipped
* checking if this is a source package ... OK
* checking if there is a namespace ... OK
* checking for executable files ... OK
* checking for hidden files and directories ... OK
* checking for portable file names ... OK
* checking whether package 'kmlbuilder' can be installed ... WARNING
Found the following significant warnings:
  Warning: package 'R.oo' was built under R version 3.2.3
  Warning: package 'R.methodsS3' was built under R version 3.2.3
  Warning: package 'rgdal' was built under R version 3.2.3
  Warning: package 'sp' was built under R version 3.2.3
  Warning: package 'RCurl' was built under R version 3.2.3
  Warning: package 'bitops' was built under R version 3.2.3
See 'C:/Users/cameronbj/Desktop/kmlbuild/kmlbuilder/kmlbuilder.Rcheck/00install.out' for details.
* checking installed package size ... OK
* checking package directory ... OK
* checking DESCRIPTION meta-information ... OK
* checking top-level files ... NOTE
Non-standard files/directories found at top level:
  'LICENSE.txt' 'xmas_style'
* checking for left-over files ... OK
* checking index information ... OK
* checking package subdirectories ... OK
* checking R files for non-ASCII characters ... OK
* checking R files for syntax errors ... OK
* checking whether the package can be loaded ... OK
* checking whether the package can be loaded with stated dependencies ... OK
* checking whether the package can be unloaded cleanly ... OK
* checking whether the namespace can be loaded with stated dependencies ... OK
* checking whether the namespace can be unloaded cleanly ... OK
* checking loading without being on the library search path ... OK
* checking use of S3 registration ... OK
* checking dependencies in R code ... OK
* checking S3 generic/method consistency ... NOTE
Found the following apparent S3 methods exported but not registered:
  addAbstractView.RKmlFolder addBalloonStyle.RKmlFolder
  addFolder.RKmlFolder addGroundOverlay.RKmlFolder
  addIconStyle.RKmlFolder addLabelStyle.RKmlFolder
  addLineString.RKmlFolder addLineStyle.RKmlFolder
  addListStyle.RKmlFolder addNetworkLink.RKmlFolder
  addNetworkLinkControl.RKmlFolder addPoint.RKmlFolder
  addPolyStyle.RKmlFolder addPolygon.RKmlFolder
  addScreenOverlay.RKmlFolder addStyleMap.RKmlFolder
  getFolder.RKmlFolder interactiveBalloonStyle.RKmlFolder
  interactiveIconStyle.RKmlFolder interactiveLabelStyle.RKmlFolder
  interactiveLineStyle.RKmlFolder interactivePolyStyle.RKmlFolder
  liststyles.RKmlFolder loadStyle.RKmlFolder preview.RKmlFolder
  printcontents.RKmlFolder removeFolder.RKmlFolder
  removeStyle.RKmlFolder saveStyle.RKmlFolder styleBuilder.RKmlFolder
  writekml.RKmlFolder
See section 'Registering S3 methods' in the 'Writing R Extensions'
manual.
* checking replacement functions ... OK
* checking foreign function calls ... OK
* checking R code for possible problems ... NOTE
addAbstractView.RKmlFolder: no visible global function definition for
  'throw'
addBalloonStyle.RKmlFolder: no visible global function definition for
  'throw'
addFolder.RKmlFolder: no visible global function definition for 'throw'
addGroundOverlay.RKmlFolder: no visible global function definition for
  'throw'
addGroundOverlay.RKmlFolder: no visible global function definition for
  'GDALinfo'
addIconStyle.RKmlFolder: no visible global function definition for
  'throw'
addLabelStyle.RKmlFolder: no visible global function definition for
  'throw'
addLineString.RKmlFolder: no visible global function definition for
  'throw'
addLineStyle.RKmlFolder: no visible global function definition for
  'throw'
addListStyle.RKmlFolder: no visible global function definition for
  'throw'
addNetworkLink.RKmlFolder: no visible global function definition for
  'throw'
addNetworkLinkControl.RKmlFolder: no visible global function definition
  for 'throw'
addPoint.RKmlFolder: no visible global function definition for 'throw'
addPolyStyle.RKmlFolder: no visible global function definition for
  'throw'
addPolygon.RKmlFolder: no visible global function definition for
  'throw'
addScreenOverlay.RKmlFolder: no visible global function definition for
  'throw'
addStyleMap.RKmlFolder: no visible global function definition for
  'throw'
removeStyle.RKmlFolder: no visible global function definition for
  'throw'
* checking Rd files ... OK
* checking Rd metadata ... WARNING
Rd files with duplicated name 'writekml':
  'loadStyle.Rd' 'writekml.Rd'
Rd files with duplicated alias 'writekml':
  'loadStyle.Rd' 'writekml.Rd'
* checking Rd line widths ... NOTE
Rd file 'addAbstractView.Rd':
  \usage lines wider than 90 characters:
     yourKMLobj$addAbstractView(type = "camera", viewid, TimeStamp, ViewerOptions, longitude, latitude, altitude, heading, tilt, roll, altit ... [TRUNCATED]
     yourKMLobj$addAbstractView(type = "camera", viewid, TimeSpanStart, TimeSpanEnd, ViewerOptions, longitude, latitude, altitude, heading,  ... [TRUNCATED]
     yourKMLobj$addAbstractView(type = "lookat", viewid, TimeStamp, ViewerOptions, longitude, latitude, altitude, heading, tilt, range, alti ... [TRUNCATED]
     yourKMLobj$addAbstractView(type = "lookat", viewid, TimeSpanStart, TimeSpanEnd, ViewerOptions, longitude, latitude, altitude, heading,  ... [TRUNCATED]
  \examples lines wider than 100 characters:
     twoViewskml$addAbstractView(type = "lookat", viewid = "sable_lookat", latitude = 43.94, longitude = -60.1, altitude = 1000, altitudeMod ... [TRUNCATED]
     twoViewskml$addAbstractView(type = "camera", viewid = "sable_camera", latitude = 43.94, longitude = -60.1, altitude = 5000, altitudeMod ... [TRUNCATED]
     #Add 2 folders each with one of the above abstractviews associated with it. Click on folder in tree to fly to view.
     twoViewskml$addFolder("lookat", name = "lookat example", description = "Click on this folder to fly to the lookat example", AbstractVie ... [TRUNCATED]
     twoViewskml$addFolder("camera", name = "camera example", description = "Click on this folder to fly to the camera example", AbstractVie ... [TRUNCATED]

Rd file 'addBalloonStyle.Rd':
  \examples lines wider than 100 characters:
     customtext = "This is the $[name]. <br/> Click on this to look at $[description]. <br/> See references for more custom text insert  opt ... [TRUNCATED]
     mykml$addBalloonStyle(styleid = "textstyle1", bgColor = "black", textColor = "white", text = customtext, displayMode = "display")
     x = data.frame(cbind(c(45.9178, 46.807), c(-59.967, -60.321), c("colorstyle1", "textstyle1"), c("Color Example", "Text Example"), c("Lo ... [TRUNCATED]

Rd file 'addFolder.Rd':
  \usage lines wider than 90 characters:
     yourKMLobj$addFolder(fid, name, silent, visibility, open, atomauthor, atomlinkhref, address, xalAddressDetails, phoneNumber, Snippet, d ... [TRUNCATED]
  \examples lines wider than 100 characters:
     mykml$getFolder("2013")$addFolder(fid = "survey_data", name = "survey data") #Demonstrate adding nested folder

Rd file 'addGroundOverlay.Rd':
  \usage lines wider than 90 characters:
     addGroundOverlay(fn = pathtosimpleimage, east = maxlon, west = minlon, north = maxlat, south = minlat)
  \examples lines wider than 100 characters:
     mykml$addAbstractView(type = "lookat", viewid = "Rview", latitude = 45.5, longitude = -62, range = 1000000)

Rd file 'addIconStyle.Rd':
  \usage lines wider than 90 characters:
     yourKMLobj$addIconStyle(styleid, href, color, scale, heading, xunits, yunits, x, y, colorMode)
  \examples lines wider than 100 characters:
     x = data.frame(cbind(c(45.9178, 46.807), c(-59.967, -60.321), c("iconstyle1", "iconstyle2"), c("red fishing", "blue fishing"), c("Louis ... [TRUNCATED]

Rd file 'addLabelStyle.Rd':
  \examples lines wider than 100 characters:
     x = data.frame(cbind(c(45.9178, 46.807), c(-59.967, -60.321), c("labelstyle1", "labelstyle2"), c("Example1", "Example2"), c("Louisbourg ... [TRUNCATED]

Rd file 'addLineString.Rd':
  \examples lines wider than 100 characters:
     mykml$addLineStyle(styleid = "linestyle1", color = "red", transparency = .5, width = 100, outerColor = "orange", outerTransparency = 1, ... [TRUNCATED]
     mykml$addLineStyle(styleid = "linestyle2", color = "yellow", transparency = 1, width = 50, outerColor = "green", outerTransparency = 1, ... [TRUNCATED]

Rd file 'addLineStyle.Rd':
  \usage lines wider than 90 characters:
     yourKMLobj$addLineStyle(styleid, color, transparency, width, outerColor, outerTransparency, outerPortion, colorMode, labelVisibility)
  \examples lines wider than 100 characters:
     mykml$addLineStyle(styleid = "linestyle1", color = "red", transparency = .5, width = 100, outerColor = "orange", outerTransparency = 1, ... [TRUNCATED]
     mykml$addLineStyle(styleid = "linestyle2", color = "yellow", transparency = 1, width = 50, outerColor = "green", outerTransparency = 1, ... [TRUNCATED]
     styleUrl = c("linestyle1", "linestyle1", "linestyle1", "linestyle2", "linestyle2", "linestyle3", "linestyle3", "linestyle3", "linestyle ... [TRUNCATED]

Rd file 'addNetworkLink.Rd':
  \usage lines wider than 90 characters:
     yourKMLobj$addNetworkLink(href, refreshVisibility, flyToView, refreshMode, refreshInterval, viewRefreshMode, viewRefreshTime, viewBound ... [TRUNCATED]

Rd file 'addNetworkLinkControl.Rd':
  \usage lines wider than 90 characters:
     yourKMLobj$addNetworkLinkControl(minRefreshPeriod, maxSessionLength, cookie, message, linkName, linkDescription, linkSnippet, expires,  ... [TRUNCATED]
  \examples lines wider than 100 characters:
     hostkml$addAbstractView(type = "lookat", viewid = "sable_view", latitude = 43.9, longitude = -59.9, range = 100000)
     hostkml$addNetworkLinkControl(minRefreshPeriod = 20, maxSessionLength = 60, message = "Welcome to the example Network Control kml. This ... [TRUNCATED]
     clientkml$addNetworkLink(href = "hostkml.kml",flyToView = 1, refreshMode = "onInterval", refreshInterval = 1)
     #Change the abstract view, should update in the preview of the clientkml after 20 seconds from the clientkml #linking to the host kml
     hostkml$addAbstractView(type = "lookat", viewid = "stPaulsView", latitude = 47.2, longitude = -60.15, range = 10000)
     hostkml$addNetworkLinkControl(minRefreshPeriod = 20, maxSessionLength = 60, message = "Welcome to the example Network Control kml. This ... [TRUNCATED]

Rd file 'addPoint.Rd':
  \usage lines wider than 90 characters:
     yourKMLobj$addPoint(x, altitude, styleUrl, extrude, altitudeMode, name, visibility, open, atomauthor, atomlinkhref, address, xalAddress ... [TRUNCATED]
  \examples lines wider than 100 characters:
     mykml$addIconStyle(styleid = "mystyle", color = "salmon2", href = imagepath, scale = .5, colorMode = "random")
     mykml$addPoint(x, styleUrl = "mystyle", description = "This is an example description applied to all points", altitudeMode = "relativeT ... [TRUNCATED]

Rd file 'addScreenOverlay.Rd':
  \usage lines wider than 90 characters:
     addGroundOverlay(fn = pathtoimage, overlay_x, overlay_xunit, overlay_y, overlay_yunit, screen_x, screen_Y)

Rd file 'addStyleMap.Rd':
  \examples lines wider than 100 characters:
     x = data.frame(cbind(c(45.9178, 46.807), c(-59.967, -60.321), c("Example1", "Example2"), c("Louisbourg", "Neil's Harbour" )))

Rd file 'interactiveBalloonStyle.Rd':
  \examples lines wider than 100 characters:
     x = data.frame(cbind(c(45.9178, 46.807), c(-59.967, -60.321), c("Example1", "Example2"), c("Louisbourg", "Neil's Harbour" )))

Rd file 'interactiveIconStyle.Rd':
  \examples lines wider than 100 characters:
     x = data.frame(cbind(c(45.9178, 46.807), c(-59.967, -60.321), c("Example1", "Example2"), c("Louisbourg", "Neil's Harbour" )))

Rd file 'interactiveLabelStyle.Rd':
  \examples lines wider than 100 characters:
     x = data.frame(cbind(c(45.9178, 46.807), c(-59.967, -60.321), c("Example1", "Example2"), c("Louisbourg", "Neil's Harbour" )))

Rd file 'interactiveLineStyle.Rd':
  \examples lines wider than 100 characters:
     mykml$addLineString(x, name= "fake road", description = "Louisbourg to Neil's Harbour", styleUrl = "mystyle", tessellate = 1 )
     #Notice the line disapears on close zoom, this is an error in Google Earth. This can be mitigated by adding more #points along the line ... [TRUNCATED]

Rd file 'interactivePolyStyle.Rd':
  \examples lines wider than 100 characters:
     #Notice the line disapears on close zoom, this is an error in Google Earth. This can be mitigated by adding more #points along the line ... [TRUNCATED]

Rd file 'kmlbuilder-package.Rd':
  \examples lines wider than 100 characters:
     mykml$getFolder("2013")$addFolder(fid = "survey_data", name = "survey data") #Demonstrate adding nested folder

Rd file 'loadStyle.Rd':
  \examples lines wider than 100 characters:
     x = data.frame(cbind(c(45.9178, 46.807), c(-59.967, -60.321), c("labelstyle1", "labelstyle2"), c("Example1", "Example2"), c("Louisbourg ... [TRUNCATED]

Rd file 'saveStyle.Rd':
  \examples lines wider than 100 characters:
     port_starboard_kml$addLabelStyle(styleid = "yellowlabel", color = "yellow", transparency = .2, scale = 3)

Rd file 'styleBuilder.Rd':
  \examples lines wider than 100 characters:
     mykml$addPoint(x, styleUrl = "ms", description = "This is an example description applied to all points")

Rd file 'writekml.Rd':
  \examples lines wider than 100 characters:
     x = data.frame(cbind(c(45.9178, 46.807), c(-59.967, -60.321), c("labelstyle1", "labelstyle2"), c("Example1", "Example2"), c("Louisbourg ... [TRUNCATED]

These lines will be truncated in the PDF manual.
* checking Rd cross-references ... OK
* checking for missing documentation entries ... WARNING
Undocumented code objects:
  'BalloonStyle' 'Camera' 'IconStyle' 'LabelStyle' 'LineStyle'
  'ListStyle' 'LookAt' 'PolyStyle' 'RKmlFolder' 'RKmlObject' 'Style'
  'StyleMap' 'addAbstractView.RKmlFolder' 'addBalloonStyle.RKmlFolder'
  'addFolder' 'addFolder.RKmlFolder' 'addGroundOverlay.RKmlFolder'
  'addIconStyle.RKmlFolder' 'addLabelStyle.RKmlFolder'
  'addLineString.RKmlFolder' 'addLineStyle.RKmlFolder'
  'addListStyle.RKmlFolder' 'addNetworkLink.RKmlFolder'
  'addNetworkLinkControl.RKmlFolder' 'addPoint.RKmlFolder'
  'addPolyStyle.RKmlFolder' 'addPolygon.RKmlFolder'
  'addScreenOverlay.RKmlFolder' 'addStyleMap.RKmlFolder'
  'color2kmlcolor' 'fn' 'folder' 'getFolder' 'getFolder.RKmlFolder'
  'groundoverlay' 'interactiveBalloonStyle.RKmlFolder'
  'interactiveIconStyle.RKmlFolder' 'interactiveLabelStyle.RKmlFolder'
  'interactiveLineStyle.RKmlFolder' 'interactivePolyStyle.RKmlFolder'
  'linestring' 'liststyles.RKmlFolder' 'loadStyle'
  'loadStyle.RKmlFolder' 'modmod' 'networklink' 'networklinkcontroll'
  'placemark' 'point' 'polygon' 'preview.RKmlFolder' 'printcontents'
  'printcontents.RKmlFolder' 'removeFolder' 'removeFolder.RKmlFolder'
  'removeStyle.RKmlFolder' 'saveStyle' 'saveStyle.RKmlFolder'
  'screenoverlay' 'styleBuilder.RKmlFolder' 'writekml.RKmlFolder'
Undocumented data sets:
  '.Random.seed' 'BalloonStyle' 'Camera' 'IconStyle' 'LabelStyle'
  'LineStyle' 'ListStyle' 'LookAt' 'PolyStyle' 'Style' 'StyleMap' 'fn'
  'folder' 'groundoverlay' 'linestring' 'networklink'
  'networklinkcontroll' 'placemark' 'point' 'polygon' 'screenoverlay'
All user-level objects in a package should have documentation entries.
See chapter 'Writing R documentation files' in the 'Writing R
Extensions' manual.
* checking for code/documentation mismatches ... WARNING
Functions or methods with usage in documentation object 'addAbstractView' but not in code:
  $ yourKMLobj

Functions or methods with usage in documentation object 'addBalloonStyle' but not in code:
  $ yourKMLobj

Functions or methods with usage in documentation object 'addFolder, getFolder, removeFolder' but not in code:
  $ yourKMLobj

Functions or methods with usage in documentation object 'addIconStyle' but not in code:
  $ yourKMLobj

Functions or methods with usage in documentation object 'addLabelStyle' but not in code:
  $ yourKMLobj

Functions or methods with usage in documentation object 'addLineString' but not in code:
  $ yourKMLobj

Functions or methods with usage in documentation object 'addLineStyle' but not in code:
  $ yourKMLobj

Functions or methods with usage in documentation object 'addListStyle' but not in code:
  $ yourKMLobj

Functions or methods with usage in documentation object 'addNetworkLink' but not in code:
  $ yourKMLobj

Functions or methods with usage in documentation object 'addNetworkLinkControl' but not in code:
  $ yourKMLobj

Functions or methods with usage in documentation object 'addPoint' but not in code:
  $ yourKMLobj

Functions or methods with usage in documentation object 'addPolyStyle' but not in code:
  $ yourKMLobj

Functions or methods with usage in documentation object 'addPolygon' but not in code:
  $ yourKMLobj

Functions or methods with usage in documentation object 'liststyles' but not in code:
  $ yourkml

Functions or methods with usage in documentation object 'writekml' but not in code:
  $ yourkml

Functions or methods with usage in documentation object 'preview' but not in code:
  $ yourkml

Functions or methods with usage in documentation object 'removeStyle' but not in code:
  $ yourKMLobj

Functions or methods with usage in documentation object 'saveStyle, loadStyle' but not in code:
  $ yourkml

Functions or methods with usage in documentation object 'styleBuilder' but not in code:
  $ yourkmlobj

Codoc mismatches from documentation object 'addAbstractView':
addAbstractView
  Code: function(...)
  Docs: function(type = "lookat", viewid, TimeStamp, ViewerOptions,
                 longitude, latitude, altitude, heading, tilt, range,
                 altitudeMode)
  Argument names in code not in docs:
    ...
  Argument names in docs not in code:
    type viewid TimeStamp ViewerOptions longitude latitude altitude
    heading tilt range altitudeMode
  Mismatches in argument names:
    Position: 1 Code: ... Docs: type
addAbstractView
  Code: function(...)
  Docs: function()
  Argument names in code not in docs:
    ...
addAbstractView
  Code: function(...)
  Docs: function()
  Argument names in code not in docs:
    ...
addAbstractView
  Code: function(...)
  Docs: function()
  Argument names in code not in docs:
    ...

Codoc mismatches from documentation object 'addBalloonStyle':
addBalloonStyle
  Code: function(...)
  Docs: function()
  Argument names in code not in docs:
    ...

Codoc mismatches from documentation object 'addFolder, getFolder, removeFolder':
addFolder
  Code: function(...)
  Docs: function(fid)
  Argument names in code not in docs:
    ...
  Argument names in docs not in code:
    fid
  Mismatches in argument names:
    Position: 1 Code: ... Docs: fid
getFolder
  Code: function(...)
  Docs: function()
  Argument names in code not in docs:
    ...
removeFolder
  Code: function(...)
  Docs: function()
  Argument names in code not in docs:
    ...

Codoc mismatches from documentation object 'addGroundOverlay':
addGroundOverlay
  Code: function(...)
  Docs: function(fn = pathtogeoimage)
  Argument names in code not in docs:
    ...
  Argument names in docs not in code:
    fn
  Mismatches in argument names:
    Position: 1 Code: ... Docs: fn
addGroundOverlay
  Code: function(...)
  Docs: function(fn = pathtosimpleimage, east = maxlon, west = minlon,
                 north = maxlat, south = minlat)
  Argument names in code not in docs:
    ...
  Argument names in docs not in code:
    fn east west north south
  Mismatches in argument names:
    Position: 1 Code: ... Docs: fn

Codoc mismatches from documentation object 'addIconStyle':
addIconStyle
  Code: function(...)
  Docs: function()
  Argument names in code not in docs:
    ...

Codoc mismatches from documentation object 'addLabelStyle':
addLabelStyle
  Code: function(...)
  Docs: function()
  Argument names in code not in docs:
    ...

Codoc mismatches from documentation object 'addLineString':
addLineString
  Code: function(...)
  Docs: function()
  Argument names in code not in docs:
    ...
addLineString
  Code: function(...)
  Docs: function()
  Argument names in code not in docs:
    ...

Codoc mismatches from documentation object 'addLineStyle':
addLineStyle
  Code: function(...)
  Docs: function()
  Argument names in code not in docs:
    ...

Codoc mismatches from documentation object 'addListStyle':
addListStyle
  Code: function(...)
  Docs: function()
  Argument names in code not in docs:
    ...

Codoc mismatches from documentation object 'addNetworkLink':
addNetworkLink
  Code: function(...)
  Docs: function()
  Argument names in code not in docs:
    ...
addNetworkLink
  Code: function(...)
  Docs: function()
  Argument names in code not in docs:
    ...

Codoc mismatches from documentation object 'addNetworkLinkControl':
addNetworkLinkControl
  Code: function(...)
  Docs: function()
  Argument names in code not in docs:
    ...
addNetworkLinkControl
  Code: function(...)
  Docs: function()
  Argument names in code not in docs:
    ...

Codoc mismatches from documentation object 'addPoint':
addPoint
  Code: function(...)
  Docs: function()
  Argument names in code not in docs:
    ...
addPoint
  Code: function(...)
  Docs: function()
  Argument names in code not in docs:
    ...

Codoc mismatches from documentation object 'addPolyStyle':
addLabelStyle
  Code: function(...)
  Docs: function()
  Argument names in code not in docs:
    ...

Codoc mismatches from documentation object 'addPolygon':
addPolygon
  Code: function(...)
  Docs: function()
  Argument names in code not in docs:
    ...
addLineString
  Code: function(...)
  Docs: function()
  Argument names in code not in docs:
    ...

Codoc mismatches from documentation object 'addScreenOverlay':
addScreenOverlay
  Code: function(...)
  Docs: function(fn = pathtogeoimage)
  Argument names in code not in docs:
    ...
  Argument names in docs not in code:
    fn
  Mismatches in argument names:
    Position: 1 Code: ... Docs: fn
addGroundOverlay
  Code: function(...)
  Docs: function(fn = pathtoimage, overlay_x, overlay_xunit, overlay_y,
                 overlay_yunit, screen_x, screen_Y)
  Argument names in code not in docs:
    ...
  Argument names in docs not in code:
    fn overlay_x overlay_xunit overlay_y overlay_yunit screen_x
    screen_Y
  Mismatches in argument names:
    Position: 1 Code: ... Docs: fn

Codoc mismatches from documentation object 'addStyleMap':
addStyleMap
  Code: function(...)
  Docs: function(id, idn, idh)
  Argument names in code not in docs:
    ...
  Argument names in docs not in code:
    id idn idh
  Mismatches in argument names:
    Position: 1 Code: ... Docs: id

Codoc mismatches from documentation object 'interactiveBalloonStyle':
interactiveBalloonStyle
  Code: function(...)
  Docs: function(id)
  Argument names in code not in docs:
    ...
  Argument names in docs not in code:
    id
  Mismatches in argument names:
    Position: 1 Code: ... Docs: id

Codoc mismatches from documentation object 'interactiveIconStyle':
interactiveIconStyle
  Code: function(...)
  Docs: function(id)
  Argument names in code not in docs:
    ...
  Argument names in docs not in code:
    id
  Mismatches in argument names:
    Position: 1 Code: ... Docs: id

Codoc mismatches from documentation object 'interactiveLabelStyle':
interactiveLabelStyle
  Code: function(...)
  Docs: function(id)
  Argument names in code not in docs:
    ...
  Argument names in docs not in code:
    id
  Mismatches in argument names:
    Position: 1 Code: ... Docs: id

Codoc mismatches from documentation object 'interactiveLineStyle':
interactiveLineStyle
  Code: function(...)
  Docs: function(id)
  Argument names in code not in docs:
    ...
  Argument names in docs not in code:
    id
  Mismatches in argument names:
    Position: 1 Code: ... Docs: id

Codoc mismatches from documentation object 'interactivePolyStyle':
interactivePolyStyle
  Code: function(...)
  Docs: function(id)
  Argument names in code not in docs:
    ...
  Argument names in docs not in code:
    id
  Mismatches in argument names:
    Position: 1 Code: ... Docs: id

Codoc mismatches from documentation object 'liststyles':
liststyles
  Code: function(...)
  Docs: function()
  Argument names in code not in docs:
    ...

Codoc mismatches from documentation object 'writekml':
writekml
  Code: function(...)
  Docs: function()
  Argument names in code not in docs:
    ...

Codoc mismatches from documentation object 'preview':
preview
  Code: function(...)
  Docs: function()
  Argument names in code not in docs:
    ...

Codoc mismatches from documentation object 'removeStyle':
removeStyle
  Code: function(...)
  Docs: function()
  Argument names in code not in docs:
    ...
removeStyle
  Code: function(...)
  Docs: function()
  Argument names in code not in docs:
    ...

Codoc mismatches from documentation object 'saveStyle, loadStyle':
saveStyle
  Code: function(...)
  Docs: function()
  Argument names in code not in docs:
    ...
loadStyle
  Code: function(...)
  Docs: function()
  Argument names in code not in docs:
    ...

Codoc mismatches from documentation object 'styleBuilder':
styleBuilder
  Code: function(...)
  Docs: function()
  Argument names in code not in docs:
    ...

* checking Rd \usage sections ... WARNING
Objects in \usage without \alias in documentation object 'addAbstractView':
  '$' 'yourKMLobj'

Objects in \usage without \alias in documentation object 'addBalloonStyle':
  '$' 'yourKMLobj'

Objects in \usage without \alias in documentation object 'addFolder, getFolder, removeFolder':
  '$' 'yourKMLobj' 'addFolder' 'getFolder' 'removeFolder'

Undocumented arguments in documentation object 'addGroundOverlay'
  'south'
Duplicated \argument entries in documentation object 'addGroundOverlay':
  'west'
Documented arguments not in \usage in documentation object 'addGroundOverlay':
  'x' 'drawOrder' 'color' 'transparency' 'altitude' 'altitudeMode'
  'name' 'visibility' 'open' 'atomauthor' 'atomlinkhref' 'address'
  'xalAddressDetails' 'phoneNumber' 'Snippet' 'description'
  'AbstractView' 'TimeStamp' 'TimeSpanStart' 'TimeSpanEnd' 'styleUrl'
  'Region' 'ExtendedData' 'inFolder'

Documented arguments not in \usage in documentation object 'addIconStyle':
  'transparency'
Objects in \usage without \alias in documentation object 'addIconStyle':
  '$' 'yourKMLobj'

Objects in \usage without \alias in documentation object 'addLabelStyle':
  '$' 'yourKMLobj'

Documented arguments not in \usage in documentation object 'addLineString':
  'extrude' 'tessellate' 'drawOrder' 'altitudeMode' 'name' 'visibility'
  'open' 'atomauthor' 'atomlinkhref' 'address' 'xalAddressDetails'
  'phoneNumber' 'Snippet' 'description' 'AbstractView' 'TimeStamp'
  'TimeSpanStart' 'TimeSpanEnd' 'Region' 'ExtendedData' 'inFolder'
  'icon_color' 'icon_href' 'icon_transparency' 'icon_scale'
  'icon_heading' 'icon_xunits' 'icon_x' 'icon_yunits' 'icon_y'
  'icon_colorMode' 'bal_bgColor' 'bal_textColor' 'bal_text'
  'bal_displayMode' 'label_color' 'label_transparency'
  'label_colorMode' 'label_scale' 'line_color' 'line_transparency'
  'line_width' 'line_outerColor' 'line_outerTransparency'
  'line_outerPortion' 'line_colorMode' 'line_labelVisibility'
Objects in \usage without \alias in documentation object 'addLineString':
  '$' 'yourKMLobj'

Objects in \usage without \alias in documentation object 'addLineStyle':
  '$' 'yourKMLobj'

Undocumented arguments in documentation object 'addListStyle'
  'listItemTpye'
Documented arguments not in \usage in documentation object 'addListStyle':
  'listItemType'
Objects in \usage without \alias in documentation object 'addListStyle':
  '$' 'yourKMLobj'

Undocumented arguments in documentation object 'addNetworkLink'
  'flyToView'
Documented arguments not in \usage in documentation object 'addNetworkLink':
  'flToView' 'inFolder'
Objects in \usage without \alias in documentation object 'addNetworkLink':
  '$' 'yourKMLobj'

Objects in \usage without \alias in documentation object 'addNetworkLinkControl':
  '$' 'yourKMLobj'

Undocumented arguments in documentation object 'addPoint'
  '...'
Documented arguments not in \usage in documentation object 'addPoint':
  'inFolder' 'icon_color' 'icon_href' 'icon_transparency' 'icon_scale'
  'icon_heading' 'icon_xunits' 'icon_x' 'icon_yunits' 'icon_y'
  'icon_colorMode' 'bal_bgColor' 'bal_textColor' 'bal_text'
  'bal_displayMode' 'label_color' 'label_transparency'
  'label_colorMode' 'label_scale' 'line_color' 'line_transparency'
  'line_width' 'line_outerColor' 'line_outerTransparency'
  'line_outerPortion' 'line_colorMode' 'line_labelVisibility'
Objects in \usage without \alias in documentation object 'addPoint':
  '$' 'yourKMLobj'

Objects in \usage without \alias in documentation object 'addPolyStyle':
  '$' 'yourKMLobj' 'addLabelStyle'

Documented arguments not in \usage in documentation object 'addPolygon':
  'extrude' 'tessellate' 'altitudeMode' 'name' 'visibility' 'open'
  'atomauthor' 'atomlinkhref' 'address' 'xalAddressDetails'
  'phoneNumber' 'Snippet' 'description' 'AbstractView' 'TimeStamp'
  'TimeSpanStart' 'TimeSpanEnd' 'Region' 'ExtendedData' 'inFolder'
  'icon_color' 'icon_href' 'icon_transparency' 'icon_scale'
  'icon_heading' 'icon_xunits' 'icon_x' 'icon_yunits' 'icon_y'
  'icon_colorMode' 'bal_bgColor' 'bal_textColor' 'bal_text'
  'bal_displayMode' 'label_color' 'label_transparency'
  'label_colorMode' 'label_scale' 'line_color' 'line_transparency'
  'line_width' 'line_outerColor' 'line_outerTransparency'
  'line_outerPortion' 'line_colorMode' 'line_labelVisibility'
Objects in \usage without \alias in documentation object 'addPolygon':
  '$' 'yourKMLobj' 'addLineString'

Undocumented arguments in documentation object 'addScreenOverlay'
  'screen_Y'
Documented arguments not in \usage in documentation object 'addScreenOverlay':
  'screen_y' 'screen_xunit' 'screen_yunit' 'rotation_x' 'rotation_y'
  'rotation_xunit' 'rotation_yunit' 'size_x' 'size_y' 'size_xunit'
  'size_yunit' 'drawOrder' 'color' 'transparency' 'rotation' 'altitude'
  'altitudeMode' 'name' 'visibility' 'open' 'atomauthor' 'atomlinkhref'
  'address' 'xalAddressDetails' 'phoneNumber' 'Snippet' 'description'
  'AbstractView' 'TimeStamp' 'TimeSpanStart' 'TimeSpanEnd' 'styleUrl'
  'Region' 'ExtendedData' 'inFolder'
Objects in \usage without \alias in documentation object 'addScreenOverlay':
  'addGroundOverlay'

Objects in \usage without \alias in documentation object 'writekml':
  '$' 'yourkml'

Objects in \usage without \alias in documentation object 'removeStyle':
  '$' 'yourKMLobj'

Objects in \usage without \alias in documentation object 'saveStyle, loadStyle':
  '$' 'yourkml' 'saveStyle' 'loadStyle'

Functions with \usage entries need to have the appropriate \alias
entries, and all their arguments documented.
The \usage entries must correspond to syntactically valid R code.
See chapter 'Writing R documentation files' in the 'Writing R
Extensions' manual.
* checking Rd contents ... OK
* checking for unstated dependencies in examples ... OK
* checking contents of 'data' directory ... OK
* checking data for non-ASCII characters ... OK
* checking data for ASCII and uncompressed saves ... OK
* checking examples ... OK
* checking PDF version of manual ... WARNING
LaTeX errors when creating PDF version.
This typically indicates Rd problems.
LaTeX errors found:
* checking PDF version of manual without hyperrefs or index ... ERROR
* DONE
Status: 1 ERROR, 6 WARNINGs, 6 NOTEs
