Hmm ... looks like a package
This is pdfTeX, Version 3.14159265-2.6-1.40.16 (MiKTeX 2.9)
entering extended mode
(Rd2.tex
LaTeX2e <2015/10/01> patch level 2
Babel <3.9n> and hyphenation patterns for 69 languages loaded.

("C:\Users\cameronbj\AppData\Local\Programs\MiKTeX 2.9\tex\latex\base\book.cls"
Document Class: book 2014/09/29 v1.4h Standard LaTeX document class
("C:\Users\cameronbj\AppData\Local\Programs\MiKTeX 2.9\tex\latex\base\bk10.clo"
)) (C:/PROGRA~1/R/R-32~1.2/share/texmf/tex/latex\Rd.sty
("C:\Users\cameronbj\AppData\Local\Programs\MiKTeX 2.9\tex\latex\base\ifthen.st
y")
("C:\Users\cameronbj\AppData\Local\Programs\MiKTeX 2.9\tex\latex\tools\longtabl
e.sty")
("C:\Users\cameronbj\AppData\Local\Programs\MiKTeX 2.9\tex\latex\tools\bm.sty")
 ("C:\Users\cameronbj\AppData\Local\Programs\MiKTeX 2.9\tex\latex\base\alltt.st
y")
("C:\Users\cameronbj\AppData\Local\Programs\MiKTeX 2.9\tex\latex\tools\verbatim
.sty")
Sorry, but C:\Users\CAMERO~1\AppData\Local\Programs\MIKTEX~1.9\miktex\bin\pdflatex.exe did not succeed.

The log file hopefully contains the information to get MiKTeX going again:

  C:/Users/cameronbj/AppData/Local/MiKTeX/2.9/miktex/log/pdflatex.log

You may want to visit the MiKTeX project page, if you need help.
Warning: running command '"pdflatex" -interaction=nonstopmode "Rd2.tex"' had status 1
Error in texi2dvi(file = file, pdf = TRUE, clean = clean, quiet = quiet,  : 
  unable to run 'pdflatex' on 'Rd2.tex'
This is pdfTeX, Version 3.14159265-2.6-1.40.16 (MiKTeX 2.9)
entering extended mode
(Rd2.tex
LaTeX2e <2015/10/01> patch level 2
Babel <3.9n> and hyphenation patterns for 69 languages loaded.

("C:\Users\cameronbj\AppData\Local\Programs\MiKTeX 2.9\tex\latex\base\book.cls"
Document Class: book 2014/09/29 v1.4h Standard LaTeX document class
("C:\Users\cameronbj\AppData\Local\Programs\MiKTeX 2.9\tex\latex\base\bk10.clo"
)) (C:/PROGRA~1/R/R-32~1.2/share/texmf/tex/latex\Rd.sty
("C:\Users\cameronbj\AppData\Local\Programs\MiKTeX 2.9\tex\latex\base\ifthen.st
y")
("C:\Users\cameronbj\AppData\Local\Programs\MiKTeX 2.9\tex\latex\tools\longtabl
e.sty")
("C:\Users\cameronbj\AppData\Local\Programs\MiKTeX 2.9\tex\latex\tools\bm.sty")
 ("C:\Users\cameronbj\AppData\Local\Programs\MiKTeX 2.9\tex\latex\base\alltt.st
y")
("C:\Users\cameronbj\AppData\Local\Programs\MiKTeX 2.9\tex\latex\tools\verbatim
.sty")
Sorry, but C:\Users\CAMERO~1\AppData\Local\Programs\MIKTEX~1.9\miktex\bin\pdflatex.exe did not succeed.

The log file hopefully contains the information to get MiKTeX going again:

  C:/Users/cameronbj/AppData/Local/MiKTeX/2.9/miktex/log/pdflatex.log

You may want to visit the MiKTeX project page, if you need help.
Warning: running command '"pdflatex" -interaction=nonstopmode "Rd2.tex"' had status 1
Error in texi2dvi(file = file, pdf = TRUE, clean = clean, quiet = quiet,  : 
  unable to run 'pdflatex' on 'Rd2.tex'
Error in running tools::texi2pdf()
You may want to clean up by 'rm -rf C:/Users/CAMERO~1/AppData/Local/Temp/3/RtmpwDrwhZ/Rd2pdf23407e7b7786'
